# JRE version: OpenJDK Runtime Environment Microsoft-25199 (11.0.12+7) (build 11.0.12+7)
# Java VM: OpenJDK 64-Bit Server VM Microsoft-25199 (11.0.12+7, mixed mode, tiered, compressed oops, g1 gc, windows-amd64)
Heap:
 garbage-first heap   total 443392K, used 387193K [0x00000000c0000000, 0x0000000100000000)
  region size 1024K, 60 young (61440K), 5 survivors (5120K)
 Metaspace       used 42664K, capacity 45310K, committed 45440K, reserved 1089536K
  class space    used 4772K, capacity 5897K, committed 6016K, reserved 1048576K
GC Heap History (20 events):
Event: 39.997 GC heap after
{Heap after GC invocations=146 (full 0):
 garbage-first heap   total 443392K, used 294418K [0x00000000c0000000, 0x0000000100000000)
  region size 1024K, 6 young (6144K), 6 survivors (6144K)
 Metaspace       used 41991K, capacity 44507K, committed 44672K, reserved 1087488K
  class space    used 4680K, capacity 5728K, committed 5760K, reserved 1048576K
}
Event: 40.081 GC heap before
{Heap before GC invocations=146 (full 0):
 garbage-first heap   total 443392K, used 390674K [0x00000000c0000000, 0x0000000100000000)
  region size 1024K, 100 young (102400K), 6 survivors (6144K)
 Metaspace       used 42019K, capacity 44511K, committed 44672K, reserved 1087488K
  class space    used 4680K, capacity 5728K, committed 5760K, reserved 1048576K
}
Event: 40.085 GC heap after
{Heap after GC invocations=147 (full 0):
 garbage-first heap   total 443392K, used 294064K [0x00000000c0000000, 0x0000000100000000)
  region size 1024K, 5 young (5120K), 5 survivors (5120K)
 Metaspace       used 42019K, capacity 44511K, committed 44672K, reserved 1087488K
  class space    used 4680K, capacity 5728K, committed 5760K, reserved 1048576K
}
Event: 40.157 GC heap before
{Heap before GC invocations=147 (full 0):
 garbage-first heap   total 443392K, used 392368K [0x00000000c0000000, 0x0000000100000000)
  region size 1024K, 101 young (103424K), 5 survivors (5120K)
 Metaspace       used 42021K, capacity 44511K, committed 44672K, reserved 1087488K
  class space    used 4680K, capacity 5728K, committed 5760K, reserved 1048576K
}
Event: 40.160 GC heap after
{Heap after GC invocations=148 (full 0):
 garbage-first heap   total 443392K, used 294028K [0x00000000c0000000, 0x0000000100000000)
  region size 1024K, 5 young (5120K), 5 survivors (5120K)
 Metaspace       used 42021K, capacity 44511K, committed 44672K, reserved 1087488K
  class space    used 4680K, capacity 5728K, committed 5760K, reserved 1048576K
}
Event: 40.310 GC heap before
{Heap before GC invocations=148 (full 0):
 garbage-first heap   total 443392K, used 391308K [0x00000000c0000000, 0x0000000100000000)
  region size 1024K, 101 young (103424K), 5 survivors (5120K)
 Metaspace       used 42065K, capacity 44610K, committed 44672K, reserved 1087488K
  class space    used 4685K, capacity 5738K, committed 5760K, reserved 1048576K
}
Event: 40.315 GC heap after
{Heap after GC invocations=149 (full 0):
 garbage-first heap   total 443392K, used 295384K [0x00000000c0000000, 0x0000000100000000)
  region size 1024K, 6 young (6144K), 6 survivors (6144K)
 Metaspace       used 42065K, capacity 44610K, committed 44672K, reserved 1087488K
  class space    used 4685K, capacity 5738K, committed 5760K, reserved 1048576K
}
Event: 40.601 GC heap before
{Heap before GC invocations=149 (full 0):
 garbage-first heap   total 443392K, used 391640K [0x00000000c0000000, 0x0000000100000000)
  region size 1024K, 100 young (102400K), 6 survivors (6144K)
 Metaspace       used 42109K, capacity 44640K, committed 44672K, reserved 1087488K
  class space    used 4691K, capacity 5746K, committed 5760K, reserved 1048576K
}
Event: 40.616 GC heap after
{Heap after GC invocations=150 (full 0):
 garbage-first heap   total 443392K, used 306075K [0x00000000c0000000, 0x0000000100000000)
  region size 1024K, 13 young (13312K), 13 survivors (13312K)
 Metaspace       used 42109K, capacity 44640K, committed 44672K, reserved 1087488K
  class space    used 4691K, capacity 5746K, committed 5760K, reserved 1048576K
}
Event: 40.868 GC heap before
{Heap before GC invocations=150 (full 0):
 garbage-first heap   total 443392K, used 384923K [0x00000000c0000000, 0x0000000100000000)
  region size 1024K, 90 young (92160K), 13 survivors (13312K)
 Metaspace       used 42120K, capacity 44645K, committed 44672K, reserved 1087488K
  class space    used 4691K, capacity 5747K, committed 5760K, reserved 1048576K
}
Event: 40.881 GC heap after
{Heap after GC invocations=151 (full 0):
 garbage-first heap   total 443392K, used 315120K [0x00000000c0000000, 0x0000000100000000)
  region size 1024K, 12 young (12288K), 12 survivors (12288K)
 Metaspace       used 42120K, capacity 44645K, committed 44672K, reserved 1087488K
  class space    used 4691K, capacity 5747K, committed 5760K, reserved 1048576K
}
Event: 41.056 GC heap before
{Heap before GC invocations=151 (full 0):
 garbage-first heap   total 443392K, used 380656K [0x00000000c0000000, 0x0000000100000000)
  region size 1024K, 76 young (77824K), 12 survivors (12288K)
 Metaspace       used 42123K, capacity 44645K, committed 44672K, reserved 1087488K
  class space    used 4691K, capacity 5747K, committed 5760K, reserved 1048576K
}
Event: 41.065 GC heap after
{Heap after GC invocations=152 (full 0):
 garbage-first heap   total 443392K, used 319823K [0x00000000c0000000, 0x0000000100000000)
  region size 1024K, 7 young (7168K), 7 survivors (7168K)
 Metaspace       used 42123K, capacity 44645K, committed 44672K, reserved 1087488K
  class space    used 4691K, capacity 5747K, committed 5760K, reserved 1048576K
}
Event: 41.234 GC heap before
{Heap before GC invocations=152 (full 0):
 garbage-first heap   total 443392K, used 382287K [0x00000000c0000000, 0x0000000100000000)
  region size 1024K, 68 young (69632K), 7 survivors (7168K)
 Metaspace       used 42127K, capacity 44647K, committed 44672K, reserved 1087488K
  class space    used 4691K, capacity 5747K, committed 5760K, reserved 1048576K
}
Event: 41.242 GC heap after
{Heap after GC invocations=153 (full 0):
 garbage-first heap   total 443392K, used 324608K [0x00000000c0000000, 0x0000000100000000)
  region size 1024K, 6 young (6144K), 6 survivors (6144K)
 Metaspace       used 42127K, capacity 44647K, committed 44672K, reserved 1087488K
  class space    used 4691K, capacity 5747K, committed 5760K, reserved 1048576K
}
Event: 41.381 GC heap before
{Heap before GC invocations=153 (full 0):
 garbage-first heap   total 443392K, used 384000K [0x00000000c0000000, 0x0000000100000000)
  region size 1024K, 63 young (64512K), 6 survivors (6144K)
 Metaspace       used 42133K, capacity 44647K, committed 44672K, reserved 1087488K
  class space    used 4691K, capacity 5747K, committed 5760K, reserved 1048576K
}
Event: 41.386 GC heap after
{Heap after GC invocations=154 (full 0):
 garbage-first heap   total 443392K, used 328220K [0x00000000c0000000, 0x0000000100000000)
  region size 1024K, 4 young (4096K), 4 survivors (4096K)
 Metaspace       used 42133K, capacity 44647K, committed 44672K, reserved 1087488K
  class space    used 4691K, capacity 5747K, committed 5760K, reserved 1048576K
}
Event: 41.533 GC heap before
{Heap before GC invocations=154 (full 0):
 garbage-first heap   total 443392K, used 384540K [0x00000000c0000000, 0x0000000100000000)
  region size 1024K, 59 young (60416K), 4 survivors (4096K)
 Metaspace       used 42188K, capacity 44741K, committed 44928K, reserved 1089536K
  class space    used 4696K, capacity 5755K, committed 5760K, reserved 1048576K
}
Event: 41.540 GC heap after
{Heap after GC invocations=155 (full 0):
 garbage-first heap   total 443392K, used 329849K [0x00000000c0000000, 0x0000000100000000)
  region size 1024K, 5 young (5120K), 5 survivors (5120K)
 Metaspace       used 42188K, capacity 44741K, committed 44928K, reserved 1089536K
  class space    used 4696K, capacity 5755K, committed 5760K, reserved 1048576K
}
Event: 41.735 GC heap before
{Heap before GC invocations=155 (full 0):
 garbage-first heap   total 443392K, used 386169K [0x00000000c0000000, 0x0000000100000000)
  region size 1024K, 60 young (61440K), 5 survivors (5120K)
 Metaspace       used 42664K, capacity 45310K, committed 45440K, reserved 1089536K
  class space    used 4772K, capacity 5897K, committed 6016K, reserved 1048576K
}

