# JRE version: OpenJDK Runtime Environment Microsoft-25199 (11.0.12+7) (build 11.0.12+7)
# Java VM: OpenJDK 64-Bit Server VM Microsoft-25199 (11.0.12+7, mixed mode, tiered, compressed oops, g1 gc, windows-amd64)
Heap:
 garbage-first heap   total 443392K, used 288756K [0x00000000c0000000, 0x0000000100000000)
  region size 1024K, 40 young (40960K), 15 survivors (15360K)
 Metaspace       used 29247K, capacity 30473K, committed 30592K, reserved 1075200K
  class space    used 3335K, capacity 3870K, committed 3968K, reserved 1048576K
GC Heap History (20 events):
Event: 6.666 GC heap before
{Heap before GC invocations=18 (full 0):
 garbage-first heap   total 443392K, used 331288K [0x00000000c0000000, 0x0000000100000000)
  region size 1024K, 177 young (181248K), 24 survivors (24576K)
 Metaspace       used 22019K, capacity 22686K, committed 22912K, reserved 1069056K
  class space    used 2319K, capacity 2621K, committed 2688K, reserved 1048576K
}
Event: 6.689 GC heap after
{Heap after GC invocations=19 (full 0):
 garbage-first heap   total 443392K, used 196278K [0x00000000c0000000, 0x0000000100000000)
  region size 1024K, 21 young (21504K), 21 survivors (21504K)
 Metaspace       used 22019K, capacity 22686K, committed 22912K, reserved 1069056K
  class space    used 2319K, capacity 2621K, committed 2688K, reserved 1048576K
}
Event: 7.109 GC heap before
{Heap before GC invocations=19 (full 0):
 garbage-first heap   total 443392K, used 341686K [0x00000000c0000000, 0x0000000100000000)
  region size 1024K, 163 young (166912K), 21 survivors (21504K)
 Metaspace       used 22058K, capacity 22760K, committed 22912K, reserved 1069056K
  class space    used 2322K, capacity 2623K, committed 2688K, reserved 1048576K
}
Event: 7.129 GC heap after
{Heap after GC invocations=20 (full 0):
 garbage-first heap   total 443392K, used 215040K [0x00000000c0000000, 0x0000000100000000)
  region size 1024K, 19 young (19456K), 19 survivors (19456K)
 Metaspace       used 22058K, capacity 22760K, committed 22912K, reserved 1069056K
  class space    used 2322K, capacity 2623K, committed 2688K, reserved 1048576K
}
Event: 7.523 GC heap before
{Heap before GC invocations=20 (full 0):
 garbage-first heap   total 443392K, used 351232K [0x00000000c0000000, 0x0000000100000000)
  region size 1024K, 151 young (154624K), 19 survivors (19456K)
 Metaspace       used 22085K, capacity 22833K, committed 22912K, reserved 1069056K
  class space    used 2323K, capacity 2624K, committed 2688K, reserved 1048576K
}
Event: 7.539 GC heap after
{Heap after GC invocations=21 (full 0):
 garbage-first heap   total 443392K, used 228864K [0x00000000c0000000, 0x0000000100000000)
  region size 1024K, 14 young (14336K), 14 survivors (14336K)
 Metaspace       used 22085K, capacity 22833K, committed 22912K, reserved 1069056K
  class space    used 2323K, capacity 2624K, committed 2688K, reserved 1048576K
}
Event: 7.657 GC heap before
{Heap before GC invocations=21 (full 0):
 garbage-first heap   total 443392K, used 268800K [0x00000000c0000000, 0x0000000100000000)
  region size 1024K, 54 young (55296K), 14 survivors (14336K)
 Metaspace       used 22087K, capacity 22833K, committed 22912K, reserved 1069056K
  class space    used 2323K, capacity 2624K, committed 2688K, reserved 1048576K
}
Event: 7.668 GC heap after
{Heap after GC invocations=22 (full 0):
 garbage-first heap   total 443392K, used 233472K [0x00000000c0000000, 0x0000000100000000)
  region size 1024K, 5 young (5120K), 5 survivors (5120K)
 Metaspace       used 22087K, capacity 22833K, committed 22912K, reserved 1069056K
  class space    used 2323K, capacity 2624K, committed 2688K, reserved 1048576K
}
Event: 8.919 GC heap before
{Heap before GC invocations=23 (full 0):
 garbage-first heap   total 443392K, used 358400K [0x00000000c0000000, 0x0000000100000000)
  region size 1024K, 130 young (133120K), 5 survivors (5120K)
 Metaspace       used 24964K, capacity 25849K, committed 25984K, reserved 1073152K
  class space    used 2772K, capacity 3186K, committed 3200K, reserved 1048576K
}
Event: 8.931 GC heap after
{Heap after GC invocations=24 (full 0):
 garbage-first heap   total 443392K, used 236949K [0x00000000c0000000, 0x0000000100000000)
  region size 1024K, 12 young (12288K), 12 survivors (12288K)
 Metaspace       used 24964K, capacity 25849K, committed 25984K, reserved 1073152K
  class space    used 2772K, capacity 3186K, committed 3200K, reserved 1048576K
}
Event: 8.984 GC heap before
{Heap before GC invocations=24 (full 0):
 garbage-first heap   total 443392K, used 246165K [0x00000000c0000000, 0x0000000100000000)
  region size 1024K, 21 young (21504K), 12 survivors (12288K)
 Metaspace       used 24980K, capacity 25915K, committed 25984K, reserved 1073152K
  class space    used 2772K, capacity 3186K, committed 3200K, reserved 1048576K
}
Event: 8.994 GC heap after
{Heap after GC invocations=25 (full 0):
 garbage-first heap   total 443392K, used 225778K [0x00000000c0000000, 0x0000000100000000)
  region size 1024K, 3 young (3072K), 3 survivors (3072K)
 Metaspace       used 24980K, capacity 25915K, committed 25984K, reserved 1073152K
  class space    used 2772K, capacity 3186K, committed 3200K, reserved 1048576K
}
Event: 9.283 GC heap before
{Heap before GC invocations=25 (full 0):
 garbage-first heap   total 443392K, used 278002K [0x00000000c0000000, 0x0000000100000000)
  region size 1024K, 55 young (56320K), 3 survivors (3072K)
 Metaspace       used 25510K, capacity 26506K, committed 26624K, reserved 1073152K
  class space    used 2858K, capacity 3295K, committed 3328K, reserved 1048576K
}
Event: 9.291 GC heap after
{Heap after GC invocations=26 (full 0):
 garbage-first heap   total 443392K, used 226196K [0x00000000c0000000, 0x0000000100000000)
  region size 1024K, 4 young (4096K), 4 survivors (4096K)
 Metaspace       used 25510K, capacity 26506K, committed 26624K, reserved 1073152K
  class space    used 2858K, capacity 3295K, committed 3328K, reserved 1048576K
}
Event: 10.564 GC heap before
{Heap before GC invocations=27 (full 0):
 garbage-first heap   total 443392K, used 375700K [0x00000000c0000000, 0x0000000100000000)
  region size 1024K, 140 young (143360K), 4 survivors (4096K)
 Metaspace       used 28576K, capacity 29802K, committed 29952K, reserved 1075200K
  class space    used 3252K, capacity 3786K, committed 3840K, reserved 1048576K
}
Event: 10.579 GC heap after
{Heap after GC invocations=28 (full 0):
 garbage-first heap   total 443392K, used 248382K [0x00000000c0000000, 0x0000000100000000)
  region size 1024K, 18 young (18432K), 18 survivors (18432K)
 Metaspace       used 28576K, capacity 29802K, committed 29952K, reserved 1075200K
  class space    used 3252K, capacity 3786K, committed 3840K, reserved 1048576K
}
Event: 10.591 GC heap before
{Heap before GC invocations=28 (full 0):
 garbage-first heap   total 443392K, used 251454K [0x00000000c0000000, 0x0000000100000000)
  region size 1024K, 21 young (21504K), 18 survivors (18432K)
 Metaspace       used 28576K, capacity 29802K, committed 29952K, reserved 1075200K
  class space    used 3252K, capacity 3786K, committed 3840K, reserved 1048576K
}
Event: 10.606 GC heap after
{Heap after GC invocations=29 (full 0):
 garbage-first heap   total 443392K, used 246216K [0x00000000c0000000, 0x0000000100000000)
  region size 1024K, 3 young (3072K), 3 survivors (3072K)
 Metaspace       used 28576K, capacity 29802K, committed 29952K, reserved 1075200K
  class space    used 3252K, capacity 3786K, committed 3840K, reserved 1048576K
}
Event: 10.769 GC heap before
{Heap before GC invocations=29 (full 0):
 garbage-first heap   total 443392K, used 303560K [0x00000000c0000000, 0x0000000100000000)
  region size 1024K, 60 young (61440K), 3 survivors (3072K)
 Metaspace       used 28755K, capacity 30058K, committed 30208K, reserved 1075200K
  class space    used 3279K, capacity 3823K, committed 3840K, reserved 1048576K
}
Event: 10.784 GC heap after
{Heap after GC invocations=30 (full 0):
 garbage-first heap   total 443392K, used 266228K [0x00000000c0000000, 0x0000000100000000)
  region size 1024K, 15 young (15360K), 15 survivors (15360K)
 Metaspace       used 28755K, capacity 30058K, committed 30208K, reserved 1075200K
  class space    used 3279K, capacity 3823K, committed 3840K, reserved 1048576K
}

